[debug] [2022-07-19T15:28:42.845Z] ----------------------------------------------------------------------
[debug] [2022-07-19T15:28:42.847Z] Command:       C:\Program Files\nodejs\node.exe C:\Users\Dell\AppData\Roaming\npm\node_modules\firebase-tools\lib\bin\firebase.js init
[debug] [2022-07-19T15:28:42.847Z] CLI Version:   11.3.0
[debug] [2022-07-19T15:28:42.848Z] Platform:      win32
[debug] [2022-07-19T15:28:42.848Z] Node Version:  v16.14.0
[debug] [2022-07-19T15:28:42.849Z] Time:          Tue Jul 19 2022 12:28:42 GMT-0300 (hora estándar de Argentina)
[debug] [2022-07-19T15:28:42.849Z] ----------------------------------------------------------------------
[debug] 
[debug] [2022-07-19T15:28:42.911Z] > command requires scopes: ["email","openid","https://www.googleapis.com/auth/cloudplatformprojects.readonly","https://www.googleapis.com/auth/firebase","https://www.googleapis.com/auth/cloud-platform"]
[debug] [2022-07-19T15:28:42.912Z] > authorizing via signed-in user (guzmanpatriciomartin@gmail.com)
[info] 
     ######## #### ########  ######## ########     ###     ######  ########
     ##        ##  ##     ## ##       ##     ##  ##   ##  ##       ##
     ######    ##  ########  ######   ########  #########  ######  ######
     ##        ##  ##    ##  ##       ##     ## ##     ##       ## ##
     ##       #### ##     ## ######## ########  ##     ##  ######  ########

You're about to initialize a Firebase project in this directory:

  C:\Users\Dell

Before we get started, keep in mind:

  * You are initializing within an existing Firebase project directory

[info] 
=== Project Setup
[info] 
[info] First, let's associate this project directory with a Firebase project.
[info] You can create multiple project aliases by running firebase use --add, 
[info] but for now we'll just set up a default project.
[info] 
[debug] [2022-07-19T15:28:52.599Z] Using project from CLI flag: nysl-web-app-d03f1
[debug] [2022-07-19T15:28:52.603Z] >>> [apiv2][query] GET https://firebase.googleapis.com/v1beta1/projects/nysl-web-app-d03f1 [none]
[debug] [2022-07-19T15:28:53.333Z] <<< [apiv2][status] GET https://firebase.googleapis.com/v1beta1/projects/nysl-web-app-d03f1 200
[debug] [2022-07-19T15:28:53.333Z] <<< [apiv2][body] GET https://firebase.googleapis.com/v1beta1/projects/nysl-web-app-d03f1 {"projectId":"nysl-web-app-d03f1","projectNumber":"225358877746","displayName":"NYSL Web app","name":"projects/nysl-web-app-d03f1","resources":{"hostingSite":"nysl-web-app-d03f1","realtimeDatabaseInstance":"nysl-web-app-d03f1-default-rtdb"},"state":"ACTIVE"}
[info] i  Using project nysl-web-app-d03f1 (NYSL Web app) 
[info] 
=== Database Setup
[info] i  database: ensuring required API firebasedatabase.googleapis.com is enabled... 
[debug] [2022-07-19T15:28:53.346Z] >>> [apiv2][query] GET https://serviceusage.googleapis.com/v1/projects/nysl-web-app-d03f1/services/firebasedatabase.googleapis.com [none]
[debug] [2022-07-19T15:28:54.584Z] <<< [apiv2][status] GET https://serviceusage.googleapis.com/v1/projects/nysl-web-app-d03f1/services/firebasedatabase.googleapis.com 200
[debug] [2022-07-19T15:28:54.584Z] <<< [apiv2][body] GET https://serviceusage.googleapis.com/v1/projects/nysl-web-app-d03f1/services/firebasedatabase.googleapis.com [omitted]
[info] +  database: required API firebasedatabase.googleapis.com is enabled 
[info] 
[debug] [2022-07-19T15:28:54.587Z] >>> [apiv2][query] GET https://firebasedatabase.googleapis.com/v1beta/projects/nysl-web-app-d03f1/locations/-/instances/nysl-web-app-d03f1-default-rtdb [none]
[debug] [2022-07-19T15:28:55.925Z] <<< [apiv2][status] GET https://firebasedatabase.googleapis.com/v1beta/projects/nysl-web-app-d03f1/locations/-/instances/nysl-web-app-d03f1-default-rtdb 200
[debug] [2022-07-19T15:28:55.925Z] <<< [apiv2][body] GET https://firebasedatabase.googleapis.com/v1beta/projects/nysl-web-app-d03f1/locations/-/instances/nysl-web-app-d03f1-default-rtdb {"name":"projects/225358877746/locations/us-central1/instances/nysl-web-app-d03f1-default-rtdb","project":"projects/225358877746","databaseUrl":"https://nysl-web-app-d03f1-default-rtdb.firebaseio.com","type":"DEFAULT_DATABASE","state":"ACTIVE"}
[info] 
[info] Firebase Realtime Database Security Rules allow you to define how your data should be
[info] structured and when your data can be read from and written to.
[info] 
[debug] [2022-07-19T15:29:01.242Z] >>> [apiv2][query] GET https://nysl-web-app-d03f1-default-rtdb.firebaseio.com/.settings/rules.json [none]
[debug] [2022-07-19T15:29:02.208Z] <<< [apiv2][status] GET https://nysl-web-app-d03f1-default-rtdb.firebaseio.com/.settings/rules.json 200
[debug] [2022-07-19T15:29:02.208Z] <<< [apiv2][body] GET https://nysl-web-app-d03f1-default-rtdb.firebaseio.com/.settings/rules.json [stream]
[info] +  Database Rules for nysl-web-app-d03f1-default-rtdb have been written to database.rules.json. 
[info] Future modifications to database.rules.json will update Realtime Database Security Rules when you run
[info] firebase deploy.
[info] 
=== Hosting Setup
[info] 
[info] Your public directory is the folder (relative to your project directory) that
[info] will contain Hosting assets to be uploaded with firebase deploy. If you
[info] have a build process for your assets, use your build's output directory.
[info] 
[info] +  Wrote y/404.html 
[debug] [2022-07-19T15:29:24.796Z] >>> [apiv2][query] GET https://www.gstatic.com/firebasejs/releases.json [none]
[debug] [2022-07-19T15:29:25.082Z] <<< [apiv2][status] GET https://www.gstatic.com/firebasejs/releases.json 200
[debug] [2022-07-19T15:29:25.082Z] <<< [apiv2][body] GET https://www.gstatic.com/firebasejs/releases.json {"current":{"version":"9.9.0","browserURL":"https://www.gstatic.com/firebasejs/9.9.0/firebase.js","packageURL":"https://www.gstatic.com/firebasejs/9.9.0/firebase.tgz"},"live":{"version":"9.9","browserURL":"https://www.gstatic.com/firebasejs/live/9.9/firebase.js","packageURL":"https://www.gstatic.com/firebasejs/live/9.9/firebase.tgz"},"components":{"analytics":"https://www.gstatic.com/firebasejs/9.9.0/firebase-analytics.js","app":"https://www.gstatic.com/firebasejs/9.9.0/firebase-app.js","app-check":"https://www.gstatic.com/firebasejs/9.9.0/firebase-app-check.js","auth":"https://www.gstatic.com/firebasejs/9.9.0/firebase-auth.js","auth/cordova":"https://www.gstatic.com/firebasejs/9.9.0/firebase-auth/cordova.js","auth/react-native":"https://www.gstatic.com/firebasejs/9.9.0/firebase-auth/react-native.js","functions":"https://www.gstatic.com/firebasejs/9.9.0/firebase-functions.js","firestore":"https://www.gstatic.com/firebasejs/9.9.0/firebase-firestore.js","firestore/lite":"https://www.gstatic.com/firebasejs/9.9.0/firebase-firestore/lite.js","installations":"https://www.gstatic.com/firebasejs/9.9.0/firebase-installations.js","storage":"https://www.gstatic.com/firebasejs/9.9.0/firebase-storage.js","performance":"https://www.gstatic.com/firebasejs/9.9.0/firebase-performance.js","remote-config":"https://www.gstatic.com/firebasejs/9.9.0/firebase-remote-config.js","messaging":"https://www.gstatic.com/firebasejs/9.9.0/firebase-messaging.js","messaging/sw":"https://www.gstatic.com/firebasejs/9.9.0/firebase-messaging/sw.js","database":"https://www.gstatic.com/firebasejs/9.9.0/firebase-database.js","firestore.memory":"https://www.gstatic.com/firebasejs/9.9.0/firebase-firestore.memory.js"}}
[info] +  Wrote y/index.html 
[info] 
[info] i  Didn't detect a .git folder. Assuming C:\Users\Dell\Documents\suden is the project root. 
[info] i  Authorizing with GitHub to upload your service account to a GitHub repository's secrets store. 
[info] 
[info] Visit this URL on this device to log in:
[info] https://github.com/login/oauth/authorize?client_id=89cf50f02ac6aaed3484&state=870939661&redirect_uri=http%3A%2F%2Flocalhost%3A9005&scope=read%3Auser%20repo%20public_repo
[info] 
[info] Waiting for authentication...
[debug] [2022-07-19T15:31:41.852Z] >>> [apiv2][query] POST https://github.com/login/oauth/access_token [none]
[debug] [2022-07-19T15:31:41.852Z] >>> [apiv2][body] POST https://github.com/login/oauth/access_token [stream]
[debug] [2022-07-19T15:31:42.365Z] <<< [apiv2][status] POST https://github.com/login/oauth/access_token 200
[debug] [2022-07-19T15:31:42.365Z] <<< [apiv2][body] POST https://github.com/login/oauth/access_token {"access_token":"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","token_type":"bearer","scope":"read:user,repo"}
[debug] [2022-07-19T15:31:42.371Z] >>> [apiv2][query] GET https://api.github.com/user [none]
[debug] [2022-07-19T15:31:42.884Z] <<< [apiv2][status] GET https://api.github.com/user 200
[debug] [2022-07-19T15:31:42.884Z] <<< [apiv2][body] GET https://api.github.com/user {"login":"guzmanpatriciomartin","id":97708976,"node_id":"U_kgDOBdLrsA","avatar_url":"https://avatars.githubusercontent.com/u/97708976?v=4","gravatar_id":"","url":"https://api.github.com/users/guzmanpatriciomartin","html_url":"https://github.com/guzmanpatriciomartin","followers_url":"https://api.github.com/users/guzmanpatriciomartin/followers","following_url":"https://api.github.com/users/guzmanpatriciomartin/following{/other_user}","gists_url":"https://api.github.com/users/guzmanpatriciomartin/gists{/gist_id}","starred_url":"https://api.github.com/users/guzmanpatriciomartin/starred{/owner}{/repo}","subscriptions_url":"https://api.github.com/users/guzmanpatriciomartin/subscriptions","organizations_url":"https://api.github.com/users/guzmanpatriciomartin/orgs","repos_url":"https://api.github.com/users/guzmanpatriciomartin/repos","events_url":"https://api.github.com/users/guzmanpatriciomartin/events{/privacy}","received_events_url":"https://api.github.com/users/guzmanpatriciomartin/received_events","type":"User","site_admin":false,"name":null,"company":null,"blog":"","location":null,"email":null,"hireable":null,"bio":null,"twitter_username":null,"public_repos":9,"public_gists":0,"followers":1,"following":0,"created_at":"2022-01-13T23:05:20Z","updated_at":"2022-07-19T15:31:40Z","private_gists":0,"total_private_repos":0,"owned_private_repos":0,"disk_usage":13377,"collaborators":0,"two_factor_authentication":false,"plan":{"name":"free","space":976562499,"collaborators":0,"private_repos":10000}}
[info] 
[info] +  Success! Logged into GitHub as guzmanpatriciomartin 
[info] 
